[kernel] boot drive=128
[kernel] malloc OK
[kernel] gdt OK
[kernel] idt OK
[kernel] paging OK
[kernel] syscall OK
[kernel] task OK
[kernel] timer OK
[kernel] keyboard OK
[kernel] ata OK
[kernel] sti OK
[kernel] initrd OK
[kernel] drive_idx=0
[kernel] boot_disk=1 exists=1
[kernel] reading sector 255
[kernel] sector 255 read OK
[kernel] is_live=1
[kernel] boot drive=129
[kernel] malloc OK
[kernel] gdt OK
[kernel] idt OK
[kernel] paging OK
[kernel] syscall OK
[kernel] task OK
[kernel] timer OK
[kernel] keyboard OK
[kernel] ata OK
[kernel] sti OK
[kernel] initrd OK
[kernel] drive_idx=1
[kernel] boot_disk=1 exists=1
[kernel] reading sector 255
[kernel] sector 255 read OK
[kernel] is_live=0
[kernel] fat32_init
[kernel] fat32_init OK
[kernel] noan_load shell
[kernel] noan_load result=8388608
[kernel] shell_entry=8388608
[kernel] task_create
[kernel] task_yield
[kernel] back from yield
[syscall 243]
[syscall 258]
[syscall 54]
[syscall 146]
[syscall 20]
[syscall 146]
[syscall 4]
[write fd=1 count=10 buf=0x00208021]
[syscall 5]
[syscall 146]
[syscall 3]
[syscall 146]
[syscall 146]
[syscall 140]
[syscall 146]
[syscall 140]
[syscall 146]
[syscall 140]
[syscall 146]
[syscall 6]
[syscall 146]
[syscall 383]
[elf unknown syscall 383]
[syscall 195]
[syscall 146]
[syscall 175]
[syscall 175]
[syscall 2]
[syscall 175]
[syscall 175]
[syscall 146]
[syscall 11]
[syscall 146]
[syscall 146]
[syscall 252]
[write fd=0 count=2138100 buf=0x00000000]
[syscall 1]
[syscall 243]
[syscall 258]
[syscall 45]
[syscall 45]
[syscall 192]
[syscall 192]
[syscall 54]
[syscall 146]
[syscall 91]
[syscall 146]
[syscall 252]
[write fd=0 count=2125812 buf=0x00000000]
[syscall 1]
[syscall 243]
[syscall 258]
[syscall 54]
[syscall 146]
[syscall 146]
[syscall 146]
[syscall 146]
[syscall 146]
[syscall 146]
[syscall 45]
[syscall 45]
[syscall 192]
[syscall 192]
[syscall 91]
[syscall 192]
[syscall 91]
[syscall 192]
[syscall 91]
[syscall 192]
[syscall 91]
[syscall 192]
[syscall 91]
[syscall 192]
[syscall 91]
[syscall 192]
[syscall 91]
[syscall 192]
[syscall 91]
[syscall 192]
[syscall 91]
[syscall 192]
[syscall 91]
[syscall 192]
[syscall 91]
[syscall 192]
[syscall 91]
[syscall 192]
[syscall 91]
[syscall 192]
[syscall 91]
[syscall 192]
[syscall 91]
[syscall 192]
[syscall 91]
[syscall 192]
[syscall 91]
[syscall 192]
[syscall 91]
[syscall 192]
[syscall 91]
[syscall 192]
[syscall 91]
[syscall 192]
[syscall 91]
[syscall 192]
[syscall 91]
[syscall 192]
[syscall 91]
[syscall 192]
[syscall 91]
[syscall 192]
[syscall 91]
[syscall 192]
[syscall 91]
[syscall 192]
[syscall 91]
[syscall 192]
[syscall 91]
[syscall 192]
[syscall 91]
[syscall 192]
[syscall 91]
[syscall 192]
[syscall 91]
[syscall 192]
[syscall 91]
[syscall 192]
[syscall 91]
[syscall 192]
[syscall 91]
[syscall 192]
[syscall 91]
[syscall 192]
[syscall 91]
[syscall 192]
[syscall 91]
[syscall 192]
[syscall 91]
[syscall 192]
[syscall 91]
[syscall 192]
[syscall 91]
[syscall 192]
[syscall 91]
[syscall 192]
[syscall 91]
[syscall 192]
[syscall 91]
[syscall 192]
[syscall 91]
[syscall 192]
[syscall 91]
[syscall 192]
[syscall 91]
[syscall 192]
[syscall 91]
[syscall 192]
[syscall 91]
[syscall 192]
[syscall 91]
[syscall 192]
[syscall 91]
[syscall 192]
[syscall 91]
[syscall 192]
[syscall 91]
[syscall 192]
[syscall 91]
[syscall 192]
[syscall 91]
[syscall 192]
[syscall 91]
[syscall 192]
[syscall 91]
[syscall 192]
[syscall 91]
[syscall 192]
[syscall 91]
[syscall 192]
[syscall 91]
[syscall 192]
[syscall 91]
[syscall 192]
[syscall 91]
[syscall 192]
[syscall 91]
[syscall 192]
[syscall 91]
[syscall 192]
[syscall 91]
[syscall 192]
[syscall 91]
[syscall 192]
[syscall 91]
[syscall 192]
[syscall 91]
[syscall 192]
[syscall 91]
[syscall 192]
[syscall 91]
[syscall 192]
[syscall 91]
[syscall 192]
[syscall 91]
[syscall 192]
[syscall 91]
[syscall 192]
[syscall 91]
[syscall 192]
[syscall 91]
[syscall 192]
[syscall 91]
[syscall 192]
[syscall 91]
[syscall 192]
[syscall 91]
[syscall 192]
[syscall 91]
[syscall 192]
[syscall 91]
[syscall 192]
[syscall 91]
[syscall 192]
[syscall 91]
[syscall 192]
[syscall 91]
[syscall 192]
[syscall 91]
[syscall 192]
[syscall 91]
[syscall 192]
[syscall 91]
[syscall 192]
[syscall 91]
[syscall 192]
[syscall 91]
[syscall 192]
[syscall 91]
[syscall 192]
[syscall 91]
[syscall 192]
[syscall 91]
[syscall 192]
[syscall 91]
[syscall 192]
[syscall 91]
[syscall 192]
[syscall 91]
[syscall 192]
[syscall 91]
[syscall 192]
[syscall 91]
[syscall 192]
[syscall 91]
[syscall 192]
[syscall 91]
[syscall 192]
[syscall 91]
[syscall 192]
[syscall 91]
[syscall 192]
[syscall 91]
[syscall 192]
[syscall 91]
[syscall 192]
[syscall 91]
[syscall 192]
[syscall 91]
[syscall 192]
[syscall 91]
[syscall 192]
[syscall 91]
[syscall 192]
[syscall 91]
[syscall 192]
[syscall 91]
[syscall 192]
[syscall 91]
[syscall 192]
[syscall 146]
[syscall 146]
[syscall 192]
[syscall 192]
[syscall 192]
[syscall 192]
[syscall 192]
[syscall 192]
[syscall 192]
[syscall 192]
[syscall 192]
[syscall 192]
[syscall 192]
[syscall 192]
[syscall 192]
[syscall 192]
[syscall 192]
[syscall 192]
[syscall 192]
[syscall 192]
[syscall 192]
[syscall 192]
[syscall 192]
[syscall 192]
[syscall 192]
[syscall 192]
[syscall 192]
[syscall 192]
[syscall 192]
[syscall 192]
[syscall 192]
[syscall 192]
[syscall 192]
[syscall 192]
[syscall 192]
[syscall 192]
[syscall 192]
[syscall 192]
[syscall 192]
[syscall 192]
[syscall 192]
[syscall 192]
[syscall 192]
[syscall 192]
[syscall 192]
[syscall 192]
[syscall 192]
[syscall 192]
[syscall 192]
[syscall 91]
[syscall 91]
[syscall 91]
[syscall 91]
[syscall 91]
[syscall 91]
[syscall 91]
[syscall 91]
[syscall 91]
[syscall 91]
[syscall 91]
[syscall 91]
[syscall 91]
[syscall 91]
[syscall 91]
[syscall 91]
[syscall 91]
[syscall 91]
[syscall 91]
[syscall 91]
[syscall 91]
[syscall 91]
[syscall 91]
[syscall 91]
[syscall 91]
[syscall 91]
[syscall 91]
[syscall 91]
[syscall 91]
[syscall 91]
[syscall 91]
[syscall 91]
[syscall 91]
[syscall 91]
[syscall 91]
[syscall 91]
[syscall 91]
[syscall 91]
[syscall 91]
[syscall 91]
[syscall 91]
[syscall 91]
[syscall 91]
[syscall 91]
[syscall 91]
[syscall 91]
[syscall 91]
[syscall 146]
[syscall 146]
[syscall 192]
[syscall 91]
[syscall 146]
[syscall 146]
[syscall 252]
[write fd=0 count=2138100 buf=0x00000000]
[syscall 1]
[syscall 243]
[syscall 258]
[syscall 54]
[syscall 146]
[syscall 20]
[syscall 146]
[syscall 4]
[write fd=1 count=10 buf=0x00208021]
[syscall 5]
[syscall 146]
[syscall 3]
[syscall 146]
[syscall 146]
[syscall 140]
[syscall 146]
[syscall 140]
[syscall 146]
[syscall 140]
[syscall 146]
[syscall 6]
[syscall 146]
[syscall 383]
[elf unknown syscall 383]
[syscall 195]
[syscall 146]
[syscall 175]
[syscall 175]
[syscall 2]
[syscall 175]
[syscall 175]
[syscall 146]
[syscall 11]
[syscall 146]
[syscall 146]
[syscall 252]
[write fd=0 count=2138100 buf=0x00000000]
[syscall 1]
